Traceback (most recent call last):
  File "/usr/local/bin/faust", line 11, in <module>
    load_entry_point('faust==1.9.0', 'console_scripts', 'faust')()
  File "/usr/local/lib/python3.7/dist-packages/click/core.py", line 764, in __call__
    return self.main(*args, **kwargs)
  File "/usr/local/lib/python3.7/dist-packages/click/core.py", line 716, in main
    with self.make_context(prog_name, args, **extra) as ctx:
  File "/usr/local/lib/python3.7/dist-packages/faust-1.9.0-py3.7-linux-x86_64.egg/faust/cli/base.py", line 401, in make_context
    self._maybe_import_app()
  File "/usr/local/lib/python3.7/dist-packages/faust-1.9.0-py3.7-linux-x86_64.egg/faust/cli/base.py", line 366, in _maybe_import_app
    find_app(appstr)
  File "/usr/local/lib/python3.7/dist-packages/faust-1.9.0-py3.7-linux-x86_64.egg/faust/cli/base.py", line 293, in find_app
    val = symbol_by_name(app, imp=imp)
  File "/usr/local/lib/python3.7/dist-packages/mode-4.1.3-py3.7.egg/mode/utils/imports.py", line 201, in symbol_by_name
    module = imp(module_name, package=package, **kwargs)
  File "/usr/local/lib/python3.7/dist-packages/mode-4.1.3-py3.7.egg/mode/utils/imports.py", line 305, in import_from_cwd
    return imp(module, package=package)
  File "/usr/lib/python3.7/importlib/__init__.py", line 127, in import_module
    return _bootstrap._gcd_import(name[level:], package, level)
  File "<frozen importlib._bootstrap>", line 1006, in _gcd_import
  File "<frozen importlib._bootstrap>", line 983, in _find_and_load
  File "<frozen importlib._bootstrap>", line 965, in _find_and_load_unlocked
ModuleNotFoundError: No module named 'examples'
